<?xml version="1.0" encoding="UTF-8"?>
<!-- Generated by org.testng.reporters.JUnitXMLReporter -->
<testsuite ignored="0" hostname="ANIRBANs-MacBook-Air.local" failures="0" tests="4" name="ChromeTest" time="95.071" errors="0" timestamp="2026-04-04T12:10:28 IST">
  <testcase classname="anirbansarkar.tests.SubmitOrderTest" name="submitOrder" time="5.143"/>
  <testcase classname="anirbansarkar.tests.SubmitOrderTest" name="submitOrder" time="4.901"/>
  <testcase classname="anirbansarkar.tests.SubmitOrderTest" name="orderHistoryTest" time="1.479"/>
  <testcase classname="anirbansarkar.tests.SubmitOrderTest" name="orderHistoryTest" time="1.094"/>
</testsuite> <!-- ChromeTest -->
