<?xml version="1.0" encoding="UTF-8"?>
<!-- Generated by org.testng.reporters.JUnitXMLReporter -->
<testsuite ignored="0" hostname="ANIRBANs-MacBook-Air.local" failures="0" tests="4" name="ChromeTest2" time="47.402" errors="0" timestamp="2026-04-04T11:38:42 IST">
  <testcase classname="anirbansarkar.tests.SubmitOrderTest" name="submitOrder" time="6.596"/>
  <testcase classname="anirbansarkar.tests.SubmitOrderTest" name="submitOrder" time="6.542"/>
  <testcase classname="anirbansarkar.tests.SubmitOrderTest" name="orderHistoryTest" time="2.272"/>
  <testcase classname="anirbansarkar.tests.SubmitOrderTest" name="orderHistoryTest" time="2.248"/>
</testsuite> <!-- ChromeTest2 -->
