<?xml version="1.0" encoding="UTF-8"?>
<!-- Generated by org.testng.reporters.JUnitXMLReporter -->
<testsuite ignored="0" hostname="ANIRBANs-MacBook-Air.local" failures="0" tests="4" name="Default test" time="113.764" errors="0" timestamp="2026-04-20T13:20:14 IST">
  <testcase classname="anirbansarkar.tests.SubmitOrderTest" name="submitOrder" time="6.207"/>
  <testcase classname="anirbansarkar.tests.SubmitOrderTest" name="submitOrder" time="5.318"/>
  <testcase classname="anirbansarkar.tests.SubmitOrderTest" name="orderHistoryTest" time="1.818"/>
  <testcase classname="anirbansarkar.tests.SubmitOrderTest" name="orderHistoryTest" time="1.768"/>
</testsuite> <!-- Default test -->
