<?xml version="1.0" encoding="UTF-8"?>
<!-- Generated by org.testng.reporters.JUnitXMLReporter -->
<testsuite ignored="0" hostname="ANIRBANs-MacBook-Air.local" failures="0" tests="2" name="Error Validations Test" time="33.748" errors="0" timestamp="2026-04-09T12:41:52 IST">
  <testcase classname="anirbansarkar.tests.ErrorValidationsTest" name="validateError" time="2.2"/>
  <testcase classname="anirbansarkar.tests.ErrorValidationsTest" name="validateProductError" time="6.68"/>
</testsuite> <!-- Error Validations Test -->
