<?xml version="1.0" encoding="UTF-8"?>
<!-- Generated by org.testng.reporters.JUnitXMLReporter -->
<testsuite ignored="0" hostname="ANIRBANs-MacBook-Air.local" failures="0" tests="2" name="Error Validations Test" time="21.363" errors="0" timestamp="2026-04-03T12:41:35 IST">
  <testcase classname="anirbansarkar.tests.ErrorValidationsTest" name="validateError" time="1.475"/>
  <testcase classname="anirbansarkar.tests.ErrorValidationsTest" name="validateProductError" time="3.646"/>
</testsuite> <!-- Error Validations Test -->
