<?xml version="1.0" encoding="UTF-8"?>
<!-- Generated by org.testng.reporters.JUnitXMLReporter -->
<testsuite ignored="0" hostname="ANIRBANs-MacBook-Air.local" failures="0" tests="4" name="Submit Order Test" time="37.595" errors="0" timestamp="2026-04-03T12:41:50 IST">
  <testcase classname="anirbansarkar.tests.SubmitOrderTest" name="submitOrder" time="5.281"/>
  <testcase classname="anirbansarkar.tests.SubmitOrderTest" name="submitOrder" time="4.451"/>
  <testcase classname="anirbansarkar.tests.SubmitOrderTest" name="orderHistoryTest" time="1.039"/>
  <testcase classname="anirbansarkar.tests.SubmitOrderTest" name="orderHistoryTest" time="1.085"/>
</testsuite> <!-- Submit Order Test -->
