<?xml version="1.0" encoding="UTF-8"?>
<testng-results ignored="0" total="4" passed="4" failed="0" skipped="0">
  <reporter-output>
  </reporter-output>
  <suite started-at="2026-04-20T13:18:20 IST" name="Default suite" finished-at="2026-04-20T13:20:14 IST" duration-ms="113764">
    <groups>
      <group name="Purchase">
        <method signature="SubmitOrderTest.submitOrder(java.util.HashMap)[pri:0, instance:anirbansarkar.tests.SubmitOrderTest@4cc451f2]" name="submitOrder" class="anirbansarkar.tests.SubmitOrderTest"/>
        <method signature="SubmitOrderTest.orderHistoryTest(java.util.HashMap)[pri:0, instance:anirbansarkar.tests.SubmitOrderTest@4cc451f2]" name="orderHistoryTest" class="anirbansarkar.tests.SubmitOrderTest"/>
      </group> <!-- Purchase -->
    </groups>
    <test started-at="2026-04-20T13:18:20 IST" name="Default test" finished-at="2026-04-20T13:20:14 IST" duration-ms="113764">
      <class name="anirbansarkar.tests.SubmitOrderTest">
        <test-method is-config="true" signature="launchApplication()[pri:0, instance:anirbansarkar.tests.SubmitOrderTest@4cc451f2]" started-at="2026-04-20T13:18:20 IST" name="launchApplication" finished-at="2026-04-20T13:19:05 IST" duration-ms="44795" status="PASS">
          <reporter-output>
          </reporter-output>
        </test-method> <!-- launchApplication -->
        <test-method signature="submitOrder(java.util.HashMap)[pri:0, instance:anirbansarkar.tests.SubmitOrderTest@4cc451f2]" started-at="2026-04-20T13:19:05 IST" name="submitOrder" data-provider="getData" finished-at="2026-04-20T13:19:11 IST" duration-ms="6207" status="PASS">
          <params>
            <param index="0">
              <value>
                <![CDATA[{password=sA2!091959, email=asanirban298@gmail.com, order=ZARA COAT 3}]]>
              </value>
            </param>
          </params>
          <reporter-output>
          </reporter-output>
        </test-method> <!-- submitOrder -->
        <test-method is-config="true" signature="closeBrowser()[pri:0, instance:anirbansarkar.tests.SubmitOrderTest@4cc451f2]" started-at="2026-04-20T13:19:11 IST" name="closeBrowser" finished-at="2026-04-20T13:19:12 IST" duration-ms="237" status="PASS">
          <reporter-output>
          </reporter-output>
        </test-method> <!-- closeBrowser -->
        <test-method is-config="true" signature="launchApplication()[pri:0, instance:anirbansarkar.tests.SubmitOrderTest@4cc451f2]" started-at="2026-04-20T13:19:12 IST" name="launchApplication" finished-at="2026-04-20T13:19:37 IST" duration-ms="25145" status="PASS">
          <reporter-output>
          </reporter-output>
        </test-method> <!-- launchApplication -->
        <test-method signature="submitOrder(java.util.HashMap)[pri:0, instance:anirbansarkar.tests.SubmitOrderTest@4cc451f2]" started-at="2026-04-20T13:19:37 IST" name="submitOrder" data-provider="getData" finished-at="2026-04-20T13:19:42 IST" duration-ms="5318" status="PASS">
          <params>
            <param index="0">
              <value>
                <![CDATA[{password=sA2!091959, email=asanirban298@live.com, order=ADIDAS ORIGINAL}]]>
              </value>
            </param>
          </params>
          <reporter-output>
          </reporter-output>
        </test-method> <!-- submitOrder -->
        <test-method is-config="true" signature="closeBrowser()[pri:0, instance:anirbansarkar.tests.SubmitOrderTest@4cc451f2]" started-at="2026-04-20T13:19:42 IST" name="closeBrowser" finished-at="2026-04-20T13:19:42 IST" duration-ms="269" status="PASS">
          <reporter-output>
          </reporter-output>
        </test-method> <!-- closeBrowser -->
        <test-method is-config="true" signature="launchApplication()[pri:0, instance:anirbansarkar.tests.SubmitOrderTest@4cc451f2]" started-at="2026-04-20T13:19:42 IST" name="launchApplication" finished-at="2026-04-20T13:19:59 IST" duration-ms="16338" status="PASS">
          <reporter-output>
          </reporter-output>
        </test-method> <!-- launchApplication -->
        <test-method signature="orderHistoryTest(java.util.HashMap)[pri:0, instance:anirbansarkar.tests.SubmitOrderTest@4cc451f2]" started-at="2026-04-20T13:19:59 IST" name="orderHistoryTest" data-provider="getData" finished-at="2026-04-20T13:20:01 IST" depends-on-methods="anirbansarkar.tests.SubmitOrderTest.submitOrder" duration-ms="1818" status="PASS">
          <params>
            <param index="0">
              <value>
                <![CDATA[{password=sA2!091959, email=asanirban298@gmail.com, order=ZARA COAT 3}]]>
              </value>
            </param>
          </params>
          <reporter-output>
          </reporter-output>
        </test-method> <!-- orderHistoryTest -->
        <test-method is-config="true" signature="closeBrowser()[pri:0, instance:anirbansarkar.tests.SubmitOrderTest@4cc451f2]" started-at="2026-04-20T13:20:01 IST" name="closeBrowser" finished-at="2026-04-20T13:20:01 IST" duration-ms="252" status="PASS">
          <reporter-output>
          </reporter-output>
        </test-method> <!-- closeBrowser -->
        <test-method is-config="true" signature="launchApplication()[pri:0, instance:anirbansarkar.tests.SubmitOrderTest@4cc451f2]" started-at="2026-04-20T13:20:01 IST" name="launchApplication" finished-at="2026-04-20T13:20:11 IST" duration-ms="10590" status="PASS">
          <reporter-output>
          </reporter-output>
        </test-method> <!-- launchApplication -->
        <test-method signature="orderHistoryTest(java.util.HashMap)[pri:0, instance:anirbansarkar.tests.SubmitOrderTest@4cc451f2]" started-at="2026-04-20T13:20:11 IST" name="orderHistoryTest" data-provider="getData" finished-at="2026-04-20T13:20:13 IST" depends-on-methods="anirbansarkar.tests.SubmitOrderTest.submitOrder" duration-ms="1768" status="PASS">
          <params>
            <param index="0">
              <value>
                <![CDATA[{password=sA2!091959, email=asanirban298@live.com, order=ADIDAS ORIGINAL}]]>
              </value>
            </param>
          </params>
          <reporter-output>
          </reporter-output>
        </test-method> <!-- orderHistoryTest -->
        <test-method is-config="true" signature="closeBrowser()[pri:0, instance:anirbansarkar.tests.SubmitOrderTest@4cc451f2]" started-at="2026-04-20T13:20:13 IST" name="closeBrowser" finished-at="2026-04-20T13:20:14 IST" duration-ms="351" status="PASS">
          <reporter-output>
          </reporter-output>
        </test-method> <!-- closeBrowser -->
      </class> <!-- anirbansarkar.tests.SubmitOrderTest -->
    </test> <!-- Default test -->
  </suite> <!-- Default suite -->
</testng-results>
