<?xml version="1.0" encoding="UTF-8"?>
<!-- Generated by org.testng.reporters.JUnitReportReporter -->
<testsuite hostname="ANIRBANs-MacBook-Air.local" failures="0" tests="4" name="anirbansarkar.tests.SubmitOrderTest" time="113.088" errors="0" timestamp="2026-04-20T13:20:14 IST" skipped="0">
  <testcase classname="anirbansarkar.tests.SubmitOrderTest" name="submitOrder" time="31.589"/>
  <testcase classname="anirbansarkar.tests.SubmitOrderTest" name="orderHistoryTest" time="12.660"/>
  <testcase classname="anirbansarkar.tests.SubmitOrderTest" name="orderHistoryTest" time="18.375"/>
  <testcase classname="anirbansarkar.tests.SubmitOrderTest" name="submitOrder" time="50.464"/>
</testsuite> <!-- anirbansarkar.tests.SubmitOrderTest -->
