<?xml version="1.0" encoding="UTF-8"?>
<!-- Generated by org.testng.reporters.JUnitReportReporter -->
<testsuite hostname="ANIRBANs-MacBook-Air.local" failures="0" tests="4" name="anirbansarkar.tests.SubmitOrderTest" time="94.440" errors="0" timestamp="2026-04-04T12:10:28 IST" skipped="0">
  <testcase classname="anirbansarkar.tests.SubmitOrderTest" name="orderHistoryTest" time="5.988"/>
  <testcase classname="anirbansarkar.tests.SubmitOrderTest" name="submitOrder" time="71.893"/>
  <testcase classname="anirbansarkar.tests.SubmitOrderTest" name="submitOrder" time="10.855"/>
  <testcase classname="anirbansarkar.tests.SubmitOrderTest" name="orderHistoryTest" time="5.704"/>
</testsuite> <!-- anirbansarkar.tests.SubmitOrderTest -->
