<?xml version="1.0" encoding="UTF-8"?>
<!-- Generated by org.testng.reporters.JUnitReportReporter -->
<testsuite hostname="ANIRBANs-MacBook-Air.local" failures="0" tests="2" name="anirbansarkar.tests.ErrorValidationsTest" time="30.234" errors="0" timestamp="2026-04-04T11:10:18 IST" skipped="0">
  <testcase classname="anirbansarkar.tests.ErrorValidationsTest" name="validateError" time="14.822"/>
  <testcase classname="anirbansarkar.tests.ErrorValidationsTest" name="validateProductError" time="15.412"/>
</testsuite> <!-- anirbansarkar.tests.ErrorValidationsTest -->
