<?xml version="1.0" encoding="UTF-8"?>
<!-- Generated by org.testng.reporters.JUnitReportReporter -->
<testsuite hostname="ANIRBANs-MacBook-Air.local" failures="0" tests="2" name="anirbansarkar.tests.ErrorValidationsTest" time="21.134" errors="0" timestamp="2026-04-03T12:41:51 IST" skipped="0">
  <testcase classname="anirbansarkar.tests.ErrorValidationsTest" name="validateProductError" time="9.751"/>
  <testcase classname="anirbansarkar.tests.ErrorValidationsTest" name="validateError" time="11.383"/>
</testsuite> <!-- anirbansarkar.tests.ErrorValidationsTest -->
