<?xml version="1.0" encoding="UTF-8"?>
<!-- Generated by org.testng.reporters.JUnitReportReporter -->
<testsuite hostname="ANIRBANs-MacBook-Air.local" failures="0" tests="2" name="anirbansarkar.tests.ErrorValidationsTest" time="33.551" errors="0" timestamp="2026-04-09T12:42:06 IST" skipped="0">
  <testcase classname="anirbansarkar.tests.ErrorValidationsTest" name="validateError" time="18.234"/>
  <testcase classname="anirbansarkar.tests.ErrorValidationsTest" name="validateProductError" time="15.317"/>
</testsuite> <!-- anirbansarkar.tests.ErrorValidationsTest -->
