<?xml version="1.0" encoding="UTF-8"?>
<!-- Generated by org.testng.reporters.JUnitReportReporter -->
<testsuite hostname="ANIRBANs-MacBook-Air.local" failures="0" tests="4" name="anirbansarkar.tests.SubmitOrderTest" time="36.502" errors="0" timestamp="2026-04-03T12:41:51 IST" skipped="0">
  <testcase classname="anirbansarkar.tests.SubmitOrderTest" name="submitOrder" time="10.427"/>
  <testcase classname="anirbansarkar.tests.SubmitOrderTest" name="orderHistoryTest" time="5.064"/>
  <testcase classname="anirbansarkar.tests.SubmitOrderTest" name="orderHistoryTest" time="10.191"/>
  <testcase classname="anirbansarkar.tests.SubmitOrderTest" name="submitOrder" time="10.820"/>
</testsuite> <!-- anirbansarkar.tests.SubmitOrderTest -->
